Using pre-set license
Built from '2020.3/staging' branch; Version is '2020.3.16f1 (049d6eca3c44) revision 302446'; Using compiler version '192528614'; Build Type 'Release'
OS: 'Windows 10 Pro; OS build 19043.1288; Version 2009; 64bit' Language: 'en' Physical Memory: 16348 MB
BatchMode: 1, IsHumanControllingUs: 0, StartBugReporterOnCrash: 0, Is64bit: 1, IsPro: 0

 COMMAND LINE ARGUMENTS:
C:\Program Files\Unity\Hub\Editor\2020.3.16f1\Editor\Unity.exe
-adb2
-batchMode
-noUpm
-name
AssetImportWorker1
-projectPath
D:/Fumple Desktop/Development Projects/Unity Projects/RGDC-Game-Jam/Unity/RGDC Game Jam
-logFile
Logs/AssetImportWorker1.log
-srvPort
61140
Successfully changed project path to: D:/Fumple Desktop/Development Projects/Unity Projects/RGDC-Game-Jam/Unity/RGDC Game Jam
D:/Fumple Desktop/Development Projects/Unity Projects/RGDC-Game-Jam/Unity/RGDC Game Jam
Using Asset Import Pipeline V2.
Refreshing native plugins compatible for Editor in 124.84 ms, found 3 plugins.
Preloading 0 native plugins for Editor in 0.00 ms.
Initialize engine version: 2020.3.16f1 (049d6eca3c44)
[Subsystems] Discovering subsystems at path C:/Program Files/Unity/Hub/Editor/2020.3.16f1/Editor/Data/Resources/UnitySubsystems
[Subsystems] Discovering subsystems at path D:/Fumple Desktop/Development Projects/Unity Projects/RGDC-Game-Jam/Unity/RGDC Game Jam/Assets
GfxDevice: creating device client; threaded=0
Direct3D:
    Version:  Direct3D 11.0 [level 11.1]
    Renderer: NVIDIA GeForce GTX 1050 Ti (ID=0x1c82)
    Vendor:   
    VRAM:     4018 MB
    Driver:   27.21.14.5671
Shader 'Universal Render Pipeline/Particles/Lit': fallback shader 'Universal Render Pipeline/Particles/SimpleLit' not found
Initialize mono
Mono path[0] = 'C:/Program Files/Unity/Hub/Editor/2020.3.16f1/Editor/Data/Managed'
Mono path[1] = 'C:/Program Files/Unity/Hub/Editor/2020.3.16f1/Editor/Data/MonoBleedingEdge/lib/mono/unityjit'
Mono config path = 'C:/Program Files/Unity/Hub/Editor/2020.3.16f1/Editor/Data/MonoBleedingEdge/etc'
Using monoOptions --debugger-agent=transport=dt_socket,embedding=1,server=y,suspend=n,address=127.0.0.1:56248
Begin MonoManager ReloadAssembly
Registering precompiled unity dll's ...
Register platform support module: C:/Program Files/Unity/Hub/Editor/2020.3.16f1/Editor/Data/PlaybackEngines/WebGLSupport/UnityEditor.WebGL.Extensions.dll
Register platform support module: C:/Program Files/Unity/Hub/Editor/2020.3.16f1/Editor/Data/PlaybackEngines/WindowsStandaloneSupport/UnityEditor.WindowsStandalone.Extensions.dll
Registered in 0.003202 seconds.
Native extension for WindowsStandalone target not found
Native extension for WebGL target not found
Refreshing native plugins compatible for Editor in 122.68 ms, found 3 plugins.
Preloading 0 native plugins for Editor in 0.00 ms.
Mono: successfully reloaded assembly
- Completed reload, in  1.570 seconds
Domain Reload Profiling:
	ReloadAssembly (1570ms)
		BeginReloadAssembly (85ms)
			ExecutionOrderSort (0ms)
			DisableScriptedObjects (0ms)
			BackupInstance (0ms)
			ReleaseScriptingObjects (0ms)
			CreateAndSetChildDomain (1ms)
		EndReloadAssembly (677ms)
			LoadAssemblies (82ms)
			RebuildTransferFunctionScriptingTraits (0ms)
			SetupTypeCache (225ms)
			ReleaseScriptCaches (0ms)
			RebuildScriptCaches (46ms)
			SetupLoadedEditorAssemblies (302ms)
				LogAssemblyErrors (0ms)
				InitializePlatformSupportModulesInManaged (7ms)
				SetLoadedEditorAssemblies (0ms)
				RefreshPlugins (123ms)
				BeforeProcessingInitializeOnLoad (24ms)
				ProcessInitializeOnLoadAttributes (110ms)
				ProcessInitializeOnLoadMethodAttributes (38ms)
				AfterProcessingInitializeOnLoad (0ms)
				EditorAssembliesLoaded (0ms)
			ExecutionOrderSort2 (0ms)
			AwakeInstancesAfterBackupRestoration (0ms)
Platform modules already initialized, skipping
Registering precompiled user dll's ...
Registered in 0.012616 seconds.
Begin MonoManager ReloadAssembly
Native extension for WindowsStandalone target not found
Native extension for WebGL target not found
Refreshing native plugins compatible for Editor in 121.95 ms, found 3 plugins.
Preloading 0 native plugins for Editor in 0.00 ms.
Mono: successfully reloaded assembly
- Completed reload, in  2.164 seconds
Domain Reload Profiling:
	ReloadAssembly (2165ms)
		BeginReloadAssembly (218ms)
			ExecutionOrderSort (0ms)
			DisableScriptedObjects (10ms)
			BackupInstance (0ms)
			ReleaseScriptingObjects (0ms)
			CreateAndSetChildDomain (31ms)
		EndReloadAssembly (1850ms)
			LoadAssemblies (173ms)
			RebuildTransferFunctionScriptingTraits (0ms)
			SetupTypeCache (517ms)
			ReleaseScriptCaches (1ms)
			RebuildScriptCaches (78ms)
			SetupLoadedEditorAssemblies (895ms)
				LogAssemblyErrors (0ms)
				InitializePlatformSupportModulesInManaged (6ms)
				SetLoadedEditorAssemblies (0ms)
				RefreshPlugins (122ms)
				BeforeProcessingInitializeOnLoad (169ms)
				ProcessInitializeOnLoadAttributes (573ms)
				ProcessInitializeOnLoadMethodAttributes (16ms)
				AfterProcessingInitializeOnLoad (9ms)
				EditorAssembliesLoaded (0ms)
			ExecutionOrderSort2 (0ms)
			AwakeInstancesAfterBackupRestoration (8ms)
Platform modules already initialized, skipping
========================================================================
Worker process is ready to serve import requests
Shader 'Universal Render Pipeline/Particles/Lit': fallback shader 'Universal Render Pipeline/Particles/SimpleLit' not found
Launched and connected shader compiler UnityShaderCompiler.exe after 0.18 seconds
Refreshing native plugins compatible for Editor in 0.99 ms, found 3 plugins.
Preloading 0 native plugins for Editor in 0.00 ms.
Unloading 3387 Unused Serialized files (Serialized files now loaded: 0)
System memory in use before: 147.0 MB.
System memory in use after: 147.2 MB.

Unloading 30 unused Assets to reduce memory usage. Loaded Objects now: 3822.
Total: 4.245700 ms (FindLiveObjects: 0.342500 ms CreateObjectMapping: 0.229200 ms MarkObjects: 3.589200 ms  DeleteObjects: 0.083300 ms)

AssetImportParameters requested are different than current active one (requested -> active):
  custom:framework-win-MediaFoundation: 216162199b28c13a410421893ffa2e32 -> 
  custom:video-decoder-ogg-theora: a1e56fd34408186e4bbccfd4996cb3dc -> 
  custom:container-muxer-webm: aa71ff27fc2769a1b78a27578f13a17b -> 
  custom:container-demuxer-webm: 4f35f7cbe854078d1ac9338744f61a02 -> 
  custom:container-demuxer-ogg: 62fdf1f143b41e24485cea50d1cbac27 -> 
  custom:video-encoder-webm-vp8: eb34c28f22e8b96e1ab97ce403110664 -> 
  custom:video-decoder-webm-vp8: 9c59270c3fd7afecdb556c50c9e8de78 -> 
  custom:audio-decoder-ogg-vorbis: bf7c407c2cedff20999df2af8eb42d56 -> 
  custom:audio-encoder-webm-vorbis: bf7c407c2cedff20999df2af8eb42d56 -> 
========================================================================
Received Import Request.
  path: Assets/Sprites/fire.png
  artifactKey: Guid(e7f77e000df8680469f237c6c30e6d5b) Importer(815301076,1909f56bfc062723c751e8b465ee728b)
Start importing Assets/Sprites/fire.png using Guid(e7f77e000df8680469f237c6c30e6d5b) Importer(815301076,1909f56bfc062723c751e8b465ee728b)  -> (artifact id: '6a4727627f3afdbd7819183d68b36836') in 0.242768 seconds 
  Import took 0.282420 seconds .

========================================================================
Received Import Request.
  Time since last request: 0.000216 seconds.
  path: Assets/Settings/SampleSceneProfile.asset
  artifactKey: Guid(10fc4df2da32a41aaa32d77bc913491c) Importer(815301076,1909f56bfc062723c751e8b465ee728b)
Start importing Assets/Settings/SampleSceneProfile.asset using Guid(10fc4df2da32a41aaa32d77bc913491c) Importer(815301076,1909f56bfc062723c751e8b465ee728b)  -> (artifact id: '8e032b039bcbd1476593e9ea1649b903') in 0.028696 seconds 
  Import took 0.096876 seconds .

========================================================================
Received Import Request.
  Time since last request: 0.000290 seconds.
  path: Assets/Sprites/youre_loser.png
  artifactKey: Guid(fc975298b5ebc4745a70199a28fc522d) Importer(815301076,1909f56bfc062723c751e8b465ee728b)
Start importing Assets/Sprites/youre_loser.png using Guid(fc975298b5ebc4745a70199a28fc522d) Importer(815301076,1909f56bfc062723c751e8b465ee728b)  -> (artifact id: 'da89392ceb0f21d7f84847b796283057') in 0.027591 seconds 
  Import took 0.073709 seconds .

========================================================================
Received Import Request.
  Time since last request: 0.000372 seconds.
  path: Assets/Audio/Goat Noises/Goat.mp3
  artifactKey: Guid(5b578e028df5e504483a87ce85cb754d) Importer(815301076,1909f56bfc062723c751e8b465ee728b)
Start importing Assets/Audio/Goat Noises/Goat.mp3 using Guid(5b578e028df5e504483a87ce85cb754d) Importer(815301076,1909f56bfc062723c751e8b465ee728b)  -> (artifact id: '96fe5b90e894ce2e3869e0ef73777071') in 0.090554 seconds 
  Import took 0.138371 seconds .

========================================================================
Received Import Request.
  Time since last request: 0.000261 seconds.
  path: Assets/Audio/Goat Noises
  artifactKey: Guid(0f6f89f0cc96c794ab1e8b3d1be06454) Importer(815301076,1909f56bfc062723c751e8b465ee728b)
Start importing Assets/Audio/Goat Noises using Guid(0f6f89f0cc96c794ab1e8b3d1be06454) Importer(815301076,1909f56bfc062723c751e8b465ee728b)  -> (artifact id: '902a1455a354980a1c19138e7bd3d5c8') in 0.012902 seconds 
  Import took 0.031635 seconds .

========================================================================
Received Import Request.
  Time since last request: 0.000338 seconds.
  path: Assets/Audio/Goat Noises/Goat-Bah-C.mp3
  artifactKey: Guid(b2b2fe405131b3a4aa5380809d2b7351) Importer(815301076,1909f56bfc062723c751e8b465ee728b)
Start importing Assets/Audio/Goat Noises/Goat-Bah-C.mp3 using Guid(b2b2fe405131b3a4aa5380809d2b7351) Importer(815301076,1909f56bfc062723c751e8b465ee728b)  -> (artifact id: 'ccd2e7ed76289fe52cda449e65ed20c3') in 0.085297 seconds 
  Import took 0.099674 seconds .

========================================================================
Received Import Request.
  Time since last request: 0.000948 seconds.
  path: Assets/Pallets/tree.asset
  artifactKey: Guid(6341ca92351ada742ae362cf38dfda1c) Importer(815301076,1909f56bfc062723c751e8b465ee728b)
Start importing Assets/Pallets/tree.asset using Guid(6341ca92351ada742ae362cf38dfda1c) Importer(815301076,1909f56bfc062723c751e8b465ee728b)  -> (artifact id: '2037d53de7ac9f1ef3bf4896db892d5b') in 0.128144 seconds 
  Import took 0.162408 seconds .

========================================================================
Received Import Request.
  Time since last request: 0.000298 seconds.
  path: Assets/Sprites/exclamation-mark.png
  artifactKey: Guid(02992b4817b0ec34d98e1328560039ba) Importer(815301076,1909f56bfc062723c751e8b465ee728b)
Start importing Assets/Sprites/exclamation-mark.png using Guid(02992b4817b0ec34d98e1328560039ba) Importer(815301076,1909f56bfc062723c751e8b465ee728b)  -> (artifact id: '8222a04f8dee38bafb2d263cbc42288f') in 0.076076 seconds 
  Import took 0.087620 seconds .

========================================================================
Received Import Request.
  Time since last request: 0.000357 seconds.
  path: Assets/Pallets/Isometric.prefab
  artifactKey: Guid(c2612bc68cf74b743b63043f321e1d06) Importer(815301076,1909f56bfc062723c751e8b465ee728b)
Start importing Assets/Pallets/Isometric.prefab using Guid(c2612bc68cf74b743b63043f321e1d06) Importer(815301076,1909f56bfc062723c751e8b465ee728b)  -> (artifact id: '4adb5547f71e45a0767479751b3a8bb9') in 0.417106 seconds 
  Import took 0.432963 seconds .

========================================================================
Received Import Request.
  Time since last request: 0.000256 seconds.
  path: Assets/Sprites/car.png
  artifactKey: Guid(85af9f573a393f140b8cfc92100f0646) Importer(815301076,1909f56bfc062723c751e8b465ee728b)
Start importing Assets/Sprites/car.png using Guid(85af9f573a393f140b8cfc92100f0646) Importer(815301076,1909f56bfc062723c751e8b465ee728b)  -> (artifact id: '13b2bbaa832aa93a8ca0200d51c24041') in 0.034017 seconds 
  Import took 0.048595 seconds .

========================================================================
Received Import Request.
  Time since last request: 0.000312 seconds.
  path: Assets/Sprites/goat.png
  artifactKey: Guid(b9e5d0e1faca0f649aef8507fd9194a7) Importer(815301076,1909f56bfc062723c751e8b465ee728b)
Start importing Assets/Sprites/goat.png using Guid(b9e5d0e1faca0f649aef8507fd9194a7) Importer(815301076,1909f56bfc062723c751e8b465ee728b)  -> (artifact id: '73648bc8d9ccc62d4f08f0c636665a1c') in 0.029595 seconds 
  Import took 0.053559 seconds .

========================================================================
Received Import Request.
  Time since last request: 0.000485 seconds.
  path: Assets/Settings/UniversalRP-LowQuality.asset
  artifactKey: Guid(a31e9f9f9c9d4b9429ed0d1234e22103) Importer(815301076,1909f56bfc062723c751e8b465ee728b)
Start importing Assets/Settings/UniversalRP-LowQuality.asset using Guid(a31e9f9f9c9d4b9429ed0d1234e22103) Importer(815301076,1909f56bfc062723c751e8b465ee728b)  -> (artifact id: '6873b356855449b052d88fb52d94f6af') in 0.033758 seconds 
  Import took 0.062626 seconds .

========================================================================
Received Import Request.
  Time since last request: 0.000254 seconds.
  path: Assets/Materials/Skybox_Mat.mat
  artifactKey: Guid(0ffaa0b7117ba8c47a9d05ae701d4b4d) Importer(815301076,1909f56bfc062723c751e8b465ee728b)
Start importing Assets/Materials/Skybox_Mat.mat using Guid(0ffaa0b7117ba8c47a9d05ae701d4b4d) Importer(815301076,1909f56bfc062723c751e8b465ee728b)  -> (artifact id: 'f1e587b2d9f39b4a8da249a6a8f56a44') in 0.264234 seconds 
  Import took 0.290472 seconds .

========================================================================
Received Import Request.
  Time since last request: 0.000347 seconds.
  path: Assets/Sprites/tree.png
  artifactKey: Guid(cbc71ac8e4dd24e44b5260a0492b1db0) Importer(815301076,1909f56bfc062723c751e8b465ee728b)
Start importing Assets/Sprites/tree.png using Guid(cbc71ac8e4dd24e44b5260a0492b1db0) Importer(815301076,1909f56bfc062723c751e8b465ee728b)  -> (artifact id: '1bcd263959c837e28a3db8306faf67c8') in 0.033731 seconds 
  Import took 0.053620 seconds .

========================================================================
Received Import Request.
  Time since last request: 0.000266 seconds.
  path: Assets/Settings/2D Render.asset
  artifactKey: Guid(bf79758b125c4d04198dbc7e56c92885) Importer(815301076,1909f56bfc062723c751e8b465ee728b)
Start importing Assets/Settings/2D Render.asset using Guid(bf79758b125c4d04198dbc7e56c92885) Importer(815301076,1909f56bfc062723c751e8b465ee728b)  -> (artifact id: 'be766741821f59e74d5c50d0341672d8') in 0.016997 seconds 
  Import took 0.025522 seconds .

========================================================================
Received Import Request.
  Time since last request: 0.000223 seconds.
  path: Assets/Audio
  artifactKey: Guid(832c722fbd00fa64fa815f197e12fd7b) Importer(815301076,1909f56bfc062723c751e8b465ee728b)
Start importing Assets/Audio using Guid(832c722fbd00fa64fa815f197e12fd7b) Importer(815301076,1909f56bfc062723c751e8b465ee728b)  -> (artifact id: '25531988c53d23d79ba00fa116ef8ad3') in 0.012290 seconds 
  Import took 0.028604 seconds .

========================================================================
Received Import Request.
  Time since last request: 0.000271 seconds.
  path: Assets/Settings/UniversalRP-MediumQuality.asset
  artifactKey: Guid(d847b876476d3d6468f5dfcd34266f96) Importer(815301076,1909f56bfc062723c751e8b465ee728b)
Start importing Assets/Settings/UniversalRP-MediumQuality.asset using Guid(d847b876476d3d6468f5dfcd34266f96) Importer(815301076,1909f56bfc062723c751e8b465ee728b)  -> (artifact id: 'c6cdbeeea9b42e2bf86e8c80c7608cd0') in 0.014787 seconds 
  Import took 0.022246 seconds .

========================================================================
Received Import Request.
  Time since last request: 0.000259 seconds.
  path: Assets/Pallets/car.asset
  artifactKey: Guid(3ae12b8c8a365ac46997a355685aec77) Importer(815301076,1909f56bfc062723c751e8b465ee728b)
Start importing Assets/Pallets/car.asset using Guid(3ae12b8c8a365ac46997a355685aec77) Importer(815301076,1909f56bfc062723c751e8b465ee728b)  -> (artifact id: 'c373687593037897b87fcf55ae65d3a9') in 0.019314 seconds 
  Import took 0.048847 seconds .

========================================================================
Received Import Request.
  Time since last request: 0.000205 seconds.
  path: Assets/Settings/UniversalRP-HighQuality.asset
  artifactKey: Guid(19ba41d7c0026c3459d37c2fe90c55a0) Importer(815301076,1909f56bfc062723c751e8b465ee728b)
Start importing Assets/Settings/UniversalRP-HighQuality.asset using Guid(19ba41d7c0026c3459d37c2fe90c55a0) Importer(815301076,1909f56bfc062723c751e8b465ee728b)  -> (artifact id: 'dab6af0910707360536cc8cb273d8d6f') in 0.011653 seconds 
  Import took 0.025451 seconds .

========================================================================
Received Import Request.
  Time since last request: 0.000225 seconds.
  path: Assets/ExampleAssets
  artifactKey: Guid(990f5c2df70993f4987a388ca178996a) Importer(815301076,1909f56bfc062723c751e8b465ee728b)
Start importing Assets/ExampleAssets using Guid(990f5c2df70993f4987a388ca178996a) Importer(815301076,1909f56bfc062723c751e8b465ee728b)  -> (artifact id: 'd7f803e1b12591de9878c5dffbdd6bf0') in 0.013491 seconds 
  Import took 0.021301 seconds .

========================================================================
Received Import Request.
  Time since last request: 0.000225 seconds.
  path: Assets/Sprites/question-mark.png
  artifactKey: Guid(6adce32a57c191e49898503750ec04b9) Importer(815301076,1909f56bfc062723c751e8b465ee728b)
Start importing Assets/Sprites/question-mark.png using Guid(6adce32a57c191e49898503750ec04b9) Importer(815301076,1909f56bfc062723c751e8b465ee728b)  -> (artifact id: '540c051349b0b605610b4f3aeb615ed4') in 0.026023 seconds 
  Import took 0.059019 seconds .

========================================================================
Received Import Request.
  Time since last request: 0.000300 seconds.
  path: Assets/Pallets/fire.asset
  artifactKey: Guid(180657e18ea544f479014cb68336c207) Importer(815301076,1909f56bfc062723c751e8b465ee728b)
Start importing Assets/Pallets/fire.asset using Guid(180657e18ea544f479014cb68336c207) Importer(815301076,1909f56bfc062723c751e8b465ee728b)  -> (artifact id: 'bf2a380f4df5339d439ece06b96729c7') in 0.017714 seconds 
  Import took 0.025590 seconds .

========================================================================
Received Import Request.
  Time since last request: 0.000283 seconds.
  path: Assets/Settings/ForwardRenderer.asset
  artifactKey: Guid(4a8e21d5c33334b11b34a596161b9360) Importer(815301076,1909f56bfc062723c751e8b465ee728b)
Start importing Assets/Settings/ForwardRenderer.asset using Guid(4a8e21d5c33334b11b34a596161b9360) Importer(815301076,1909f56bfc062723c751e8b465ee728b)  -> (artifact id: 'c9f1b91465d2b74b3c58411aa44e1d17') in 0.018186 seconds 
  Import took 0.044446 seconds .

========================================================================
Received Import Request.
  Time since last request: 0.000264 seconds.
  path: Assets/Sprites/you're_winner.png
  artifactKey: Guid(474e169658421224e9becfa5c2bb15e3) Importer(815301076,1909f56bfc062723c751e8b465ee728b)
Start importing Assets/Sprites/you're_winner.png using Guid(474e169658421224e9becfa5c2bb15e3) Importer(815301076,1909f56bfc062723c751e8b465ee728b)  -> (artifact id: 'c60f7caa78981e737537b5e75e7c030c') in 0.058906 seconds 
  Import took 0.069232 seconds .

========================================================================
Received Import Request.
  Time since last request: 0.000269 seconds.
  path: Assets/Audio/Goat Noises/Goat-Meh-B.mp3
  artifactKey: Guid(e31291ffd643cf844957e93c5caf07fb) Importer(815301076,1909f56bfc062723c751e8b465ee728b)
Start importing Assets/Audio/Goat Noises/Goat-Meh-B.mp3 using Guid(e31291ffd643cf844957e93c5caf07fb) Importer(815301076,1909f56bfc062723c751e8b465ee728b)  -> (artifact id: '88971011bed472d97c39eb1ff79b5e01') in 0.046483 seconds 
  Import took 0.060340 seconds .

========================================================================
Received Import Request.
  Time since last request: 0.000324 seconds.
  path: Assets/Audio/Goat Noises/Goat-Bah-E.mp3
  artifactKey: Guid(c011bc4b9ddfdc64eaa4f92e7552a5d7) Importer(815301076,1909f56bfc062723c751e8b465ee728b)
Start importing Assets/Audio/Goat Noises/Goat-Bah-E.mp3 using Guid(c011bc4b9ddfdc64eaa4f92e7552a5d7) Importer(815301076,1909f56bfc062723c751e8b465ee728b)  -> (artifact id: '809f58369082ef70d183fc6216ff3245') in 0.057115 seconds 
  Import took 0.086392 seconds .

========================================================================
Received Import Request.
  Time since last request: 0.000322 seconds.
  path: Assets/Audio/Goat Noises/Crunchy Goat.mp3
  artifactKey: Guid(cfaa54eabc065654a8546da52c2883a5) Importer(815301076,1909f56bfc062723c751e8b465ee728b)
Start importing Assets/Audio/Goat Noises/Crunchy Goat.mp3 using Guid(cfaa54eabc065654a8546da52c2883a5) Importer(815301076,1909f56bfc062723c751e8b465ee728b)  -> (artifact id: 'ef03cd6c64eb85107aef2a7c09835fa8') in 0.040623 seconds 
  Import took 0.062524 seconds .

========================================================================
Received Prepare
Registering precompiled user dll's ...
Registered in 0.030340 seconds.
Begin MonoManager ReloadAssembly
Native extension for WindowsStandalone target not found
Native extension for WebGL target not found
Refreshing native plugins compatible for Editor in 1.14 ms, found 3 plugins.
Preloading 0 native plugins for Editor in 0.00 ms.
Mono: successfully reloaded assembly
- Completed reload, in  3.490 seconds
Domain Reload Profiling:
	ReloadAssembly (3491ms)
		BeginReloadAssembly (351ms)
			ExecutionOrderSort (0ms)
			DisableScriptedObjects (13ms)
			BackupInstance (0ms)
			ReleaseScriptingObjects (0ms)
			CreateAndSetChildDomain (112ms)
		EndReloadAssembly (2984ms)
			LoadAssemblies (300ms)
			RebuildTransferFunctionScriptingTraits (0ms)
			SetupTypeCache (878ms)
			ReleaseScriptCaches (7ms)
			RebuildScriptCaches (104ms)
			SetupLoadedEditorAssemblies (1260ms)
				LogAssemblyErrors (0ms)
				InitializePlatformSupportModulesInManaged (11ms)
				SetLoadedEditorAssemblies (1ms)
				RefreshPlugins (1ms)
				BeforeProcessingInitializeOnLoad (366ms)
				ProcessInitializeOnLoadAttributes (838ms)
				ProcessInitializeOnLoadMethodAttributes (17ms)
				AfterProcessingInitializeOnLoad (25ms)
				EditorAssembliesLoaded (1ms)
			ExecutionOrderSort2 (0ms)
			AwakeInstancesAfterBackupRestoration (71ms)
Platform modules already initialized, skipping
Shader 'Universal Render Pipeline/Particles/Lit': fallback shader 'Universal Render Pipeline/Particles/SimpleLit' not found
Refreshing native plugins compatible for Editor in 1.37 ms, found 3 plugins.
Preloading 0 native plugins for Editor in 0.00 ms.
Unloading 3275 Unused Serialized files (Serialized files now loaded: 0)
System memory in use before: 145.2 MB.
System memory in use after: 145.5 MB.

Unloading 17 unused Assets to reduce memory usage. Loaded Objects now: 3921.
Total: 12.774000 ms (FindLiveObjects: 0.479300 ms CreateObjectMapping: 0.240000 ms MarkObjects: 11.995200 ms  DeleteObjects: 0.057700 ms)

AssetImportParameters requested are different than current active one (requested -> active):
  custom:framework-win-MediaFoundation: 216162199b28c13a410421893ffa2e32 -> 
  custom:video-decoder-ogg-theora: a1e56fd34408186e4bbccfd4996cb3dc -> 
  custom:container-muxer-webm: aa71ff27fc2769a1b78a27578f13a17b -> 
  custom:container-demuxer-webm: 4f35f7cbe854078d1ac9338744f61a02 -> 
  custom:container-demuxer-ogg: 62fdf1f143b41e24485cea50d1cbac27 -> 
  custom:video-encoder-webm-vp8: eb34c28f22e8b96e1ab97ce403110664 -> 
  custom:video-decoder-webm-vp8: 9c59270c3fd7afecdb556c50c9e8de78 -> 
  custom:audio-decoder-ogg-vorbis: bf7c407c2cedff20999df2af8eb42d56 -> 
  custom:audio-encoder-webm-vorbis: bf7c407c2cedff20999df2af8eb42d56 -> 
========================================================================
Received Prepare
Registering precompiled user dll's ...
Registered in 0.033139 seconds.
Begin MonoManager ReloadAssembly
Native extension for WindowsStandalone target not found
Native extension for WebGL target not found
Refreshing native plugins compatible for Editor in 0.94 ms, found 3 plugins.
Preloading 0 native plugins for Editor in 0.00 ms.
Mono: successfully reloaded assembly
- Completed reload, in  1.799 seconds
Domain Reload Profiling:
	ReloadAssembly (1800ms)
		BeginReloadAssembly (206ms)
			ExecutionOrderSort (0ms)
			DisableScriptedObjects (21ms)
			BackupInstance (0ms)
			ReleaseScriptingObjects (0ms)
			CreateAndSetChildDomain (70ms)
		EndReloadAssembly (1428ms)
			LoadAssemblies (155ms)
			RebuildTransferFunctionScriptingTraits (0ms)
			SetupTypeCache (388ms)
			ReleaseScriptCaches (1ms)
			RebuildScriptCaches (49ms)
			SetupLoadedEditorAssemblies (635ms)
				LogAssemblyErrors (0ms)
				InitializePlatformSupportModulesInManaged (6ms)
				SetLoadedEditorAssemblies (1ms)
				RefreshPlugins (1ms)
				BeforeProcessingInitializeOnLoad (125ms)
				ProcessInitializeOnLoadAttributes (483ms)
				ProcessInitializeOnLoadMethodAttributes (12ms)
				AfterProcessingInitializeOnLoad (7ms)
				EditorAssembliesLoaded (0ms)
			ExecutionOrderSort2 (0ms)
			AwakeInstancesAfterBackupRestoration (34ms)
Platform modules already initialized, skipping
Shader 'Universal Render Pipeline/Particles/Lit': fallback shader 'Universal Render Pipeline/Particles/SimpleLit' not found
Refreshing native plugins compatible for Editor in 0.99 ms, found 3 plugins.
Preloading 0 native plugins for Editor in 0.00 ms.
Unloading 3273 Unused Serialized files (Serialized files now loaded: 0)
System memory in use before: 145.2 MB.
System memory in use after: 145.5 MB.

Unloading 17 unused Assets to reduce memory usage. Loaded Objects now: 3923.
Total: 4.883100 ms (FindLiveObjects: 0.357900 ms CreateObjectMapping: 0.579800 ms MarkObjects: 3.805200 ms  DeleteObjects: 0.139300 ms)

AssetImportParameters requested are different than current active one (requested -> active):
  custom:framework-win-MediaFoundation: 216162199b28c13a410421893ffa2e32 -> 
  custom:video-decoder-ogg-theora: a1e56fd34408186e4bbccfd4996cb3dc -> 
  custom:container-muxer-webm: aa71ff27fc2769a1b78a27578f13a17b -> 
  custom:container-demuxer-webm: 4f35f7cbe854078d1ac9338744f61a02 -> 
  custom:container-demuxer-ogg: 62fdf1f143b41e24485cea50d1cbac27 -> 
  custom:video-encoder-webm-vp8: eb34c28f22e8b96e1ab97ce403110664 -> 
  custom:video-decoder-webm-vp8: 9c59270c3fd7afecdb556c50c9e8de78 -> 
  custom:audio-decoder-ogg-vorbis: bf7c407c2cedff20999df2af8eb42d56 -> 
  custom:audio-encoder-webm-vorbis: bf7c407c2cedff20999df2af8eb42d56 -> 
AssetImportWorkerClient::OnTransportError - code=2 error=End of file
